d:\coding\mosg_vs\mosg_vs\mosg_vs\debug\vc140.pdb
d:\coding\mosg_vs\mosg_vs\mosg_vs\debug\vc140.idb
d:\coding\mosg_vs\mosg_vs\mosg_vs\debug\actions.nativecodeanalysis.xml
d:\coding\mosg_vs\mosg_vs\mosg_vs\debug\gameobject.nativecodeanalysis.xml
d:\coding\mosg_vs\mosg_vs\mosg_vs\debug\main.nativecodeanalysis.xml
d:\coding\mosg_vs\mosg_vs\mosg_vs\debug\ui_and_general.nativecodeanalysis.xml
d:\coding\mosg_vs\mosg_vs\mosg_vs\debug\ui_and_general.obj
d:\coding\mosg_vs\mosg_vs\mosg_vs\debug\main.obj
d:\coding\mosg_vs\mosg_vs\mosg_vs\debug\gameobject.obj
d:\coding\mosg_vs\mosg_vs\mosg_vs\debug\actions.obj
d:\coding\mosg_vs\mosg_vs\debug\mosg_vs.ilk
d:\coding\mosg_vs\mosg_vs\debug\mosg_vs.exe
d:\coding\mosg_vs\mosg_vs\debug\mosg_vs.pdb
d:\coding\mosg_vs\mosg_vs\mosg_vs\debug\nativecodeanalysis.read.1.tlog
d:\coding\mosg_vs\mosg_vs\mosg_vs\debug\vc.nativecodeanalysis.all.xml
d:\coding\mosg_vs\mosg_vs\debug\mosg_vs.exe.lastcodeanalysissucceeded
d:\coding\mosg_vs\mosg_vs\mosg_vs\debug\mosg_vs.tlog\cl.command.1.tlog
d:\coding\mosg_vs\mosg_vs\mosg_vs\debug\mosg_vs.tlog\cl.read.1.tlog
d:\coding\mosg_vs\mosg_vs\mosg_vs\debug\mosg_vs.tlog\cl.write.1.tlog
d:\coding\mosg_vs\mosg_vs\mosg_vs\debug\mosg_vs.tlog\link.command.1.tlog
d:\coding\mosg_vs\mosg_vs\mosg_vs\debug\mosg_vs.tlog\link.read.1.tlog
d:\coding\mosg_vs\mosg_vs\mosg_vs\debug\mosg_vs.tlog\link.write.1.tlog
